  Antylopa.cpp
  Barszcz.cpp
  conio2.cpp
C:\Users\kuuba\Desktop\PG2\sem2\Programowanie Obiektowe\ProgramowanieObiektowe\Projekt PO Swiat cpp\conio2.cpp(402,46): warning C4267: "argument": konwersja z "size_t" do "DWORD", możliwa utrata danych
  Owca.cpp
  Czlowiek.cpp
  Guarana.cpp
  PrzygotowanieGry.cpp
  Swiat.cpp
C:\Users\kuuba\Desktop\PG2\sem2\Programowanie Obiektowe\ProgramowanieObiektowe\Projekt PO Swiat cpp\Swiat.cpp(146,8): warning C4267: "inicjowanie": konwersja z "size_t" do "int", możliwa utrata danych
C:\Users\kuuba\Desktop\PG2\sem2\Programowanie Obiektowe\ProgramowanieObiektowe\Projekt PO Swiat cpp\Swiat.cpp(228,13): warning C4267: "inicjowanie": konwersja z "size_t" do "int", możliwa utrata danych
  WilczeJagody.cpp
  Lis.cpp
  Main.cpp
C:\Users\kuuba\Desktop\PG2\sem2\Programowanie Obiektowe\ProgramowanieObiektowe\Projekt PO Swiat cpp\Main.cpp(177,12): warning C4244: "argument": konwersja z "time_t" do "unsigned int", możliwa utrata danych
  Mlecz.cpp
  Organizm.cpp
  Roslina.cpp
  Trawa.cpp
  Wilk.cpp
  Zolw.cpp
  Zwierze.cpp
  Generowanie kodu...
  Projekt PO Swiat cpp.vcxproj -> C:\Users\kuuba\Desktop\PG2\sem2\Programowanie Obiektowe\ProgramowanieObiektowe\Projekt PO Swiat cpp\x64\Debug\Projekt PO Swiat cpp.exe
